Exception while resolving variable 'remaining_attempts' in template 'unknown'.
Traceback (most recent call last):
  File "/workspaces/xblock_development/xblock-env/lib/python3.12/site-packages/django/template/base.py", line 880, in _resolve_lookup
    current = current[bit]
              ~~~~~~~^^^^^
  File "/workspaces/xblock_development/xblock-env/lib/python3.12/site-packages/django/template/context.py", line 83, in __getitem__
    raise KeyError(key)
KeyError: 'remaining_attempts'

During handling of the above exception, another exception occurred:

Traceback (most recent call last):
  File "/workspaces/xblock_development/xblock-env/lib/python3.12/site-packages/django/template/base.py", line 886, in _resolve_lookup
    if isinstance(current, BaseContext) and getattr(
                                            ^^^^^^^^
AttributeError: type object 'Context' has no attribute 'remaining_attempts'

During handling of the above exception, another exception occurred:

Traceback (most recent call last):
  File "/workspaces/xblock_development/xblock-env/lib/python3.12/site-packages/django/template/base.py", line 896, in _resolve_lookup
    current = current[int(bit)]
                      ^^^^^^^^
ValueError: invalid literal for int() with base 10: 'remaining_attempts'

During handling of the above exception, another exception occurred:

Traceback (most recent call last):
  File "/workspaces/xblock_development/xblock-env/lib/python3.12/site-packages/django/template/base.py", line 903, in _resolve_lookup
    raise VariableDoesNotExist(
django.template.base.VariableDoesNotExist: Failed lookup for key [remaining_attempts] in [{'True': True, 'False': False, 'None': None}, {'display_name': 'Sorting Problem', 'question_text': 'Sort the following country names in alphabetical order', 'max_attempts': 1, 'attempts': 0, 'item_background_color': '#f2f2f2', 'item_text_color': '#000000', 'completed': False, 'graded': True, 'user_score': 0.0, 'max_score': 1.0, 'error_indicator': 0, 'success_indicator': 0, 'items': <zip object at 0x73e50b9e4400>, '_i18n_service': <workbench.runtime.WorkbenchI18NService object at 0x73e50a8dd880>}]
(0.000) SELECT "workbench_xblockstate"."id", "workbench_xblockstate"."scope", "workbench_xblockstate"."scope_id", "workbench_xblockstate"."user_id", "workbench_xblockstate"."scenario", "workbench_xblockstate"."tag", "workbench_xblockstate"."created", "workbench_xblockstate"."state" FROM "workbench_xblockstate" WHERE ("workbench_xblockstate"."scenario" = 'multiple-sortablexblock' AND "workbench_xblockstate"."scope" = 'usage' AND "workbench_xblockstate"."scope_id" = 'multiple-sortablexblock.sortable.d2.u0' AND "workbench_xblockstate"."tag" = 'sortable' AND "workbench_xblockstate"."user_id" IS NULL) LIMIT 21; args=('multiple-sortablexblock', 'usage', 'multiple-sortablexblock.sortable.d2.u0', 'sortable'); alias=default
(0.000) SELECT "workbench_xblockstate"."id", "workbench_xblockstate"."scope", "workbench_xblockstate"."scope_id", "workbench_xblockstate"."user_id", "workbench_xblockstate"."scenario", "workbench_xblockstate"."tag", "workbench_xblockstate"."created", "workbench_xblockstate"."state" FROM "workbench_xblockstate" WHERE ("workbench_xblockstate"."scenario" = 'multiple-sortablexblock' AND "workbench_xblockstate"."scope" = 'usage' AND "workbench_xblockstate"."scope_id" = 'multiple-sortablexblock.vertical_demo.d0.u0' AND "workbench_xblockstate"."tag" = 'vertical_demo' AND "workbench_xblockstate"."user_id" IS NULL) LIMIT 21; args=('multiple-sortablexblock', 'usage', 'multiple-sortablexblock.vertical_demo.d0.u0', 'vertical_demo'); alias=default
(0.000) BEGIN; args=None; alias=default
(0.000) INSERT INTO "workbench_xblockstate" ("scope", "scope_id", "user_id", "scenario", "tag", "created", "state") VALUES ('usage', 'multiple-sortablexblock.vertical_demo.d0.u0', NULL, 'multiple-sortablexblock', 'vertical_demo', '2025-08-25 04:33:16.027860', '{}') RETURNING "workbench_xblockstate"."id"; args=('usage', 'multiple-sortablexblock.vertical_demo.d0.u0', None, 'multiple-sortablexblock', 'vertical_demo', '2025-08-25 04:33:16.027860', '{}'); alias=default
(0.003) COMMIT; args=None; alias=default
(0.000) SELECT "workbench_xblockstate"."id", "workbench_xblockstate"."scope", "workbench_xblockstate"."scope_id", "workbench_xblockstate"."user_id", "workbench_xblockstate"."scenario", "workbench_xblockstate"."tag", "workbench_xblockstate"."created", "workbench_xblockstate"."state" FROM "workbench_xblockstate" WHERE ("workbench_xblockstate"."scenario" = 'multiple-sortablexblock' AND "workbench_xblockstate"."scope" = 'parent' AND "workbench_xblockstate"."scope_id" = 'multiple-sortablexblock.vertical_demo.d0.u0' AND "workbench_xblockstate"."tag" = 'vertical_demo' AND "workbench_xblockstate"."user_id" IS NULL) LIMIT 21; args=('multiple-sortablexblock', 'parent', 'multiple-sortablexblock.vertical_demo.d0.u0', 'vertical_demo'); alias=default
(0.000) SELECT "workbench_xblockstate"."id", "workbench_xblockstate"."scope", "workbench_xblockstate"."scope_id", "workbench_xblockstate"."user_id", "workbench_xblockstate"."scenario", "workbench_xblockstate"."tag", "workbench_xblockstate"."created", "workbench_xblockstate"."state" FROM "workbench_xblockstate" WHERE ("workbench_xblockstate"."scenario" = 'multiple-sortablexblock' AND "workbench_xblockstate"."scope" = 'parent' AND "workbench_xblockstate"."scope_id" = 'multiple-sortablexblock.vertical_demo.d0.u0' AND "workbench_xblockstate"."tag" = 'vertical_demo' AND "workbench_xblockstate"."user_id" IS NULL) LIMIT 21; args=('multiple-sortablexblock', 'parent', 'multiple-sortablexblock.vertical_demo.d0.u0', 'vertical_demo'); alias=default
(0.000) SELECT "workbench_xblockstate"."id", "workbench_xblockstate"."scope", "workbench_xblockstate"."scope_id", "workbench_xblockstate"."user_id", "workbench_xblockstate"."scenario", "workbench_xblockstate"."tag", "workbench_xblockstate"."created", "workbench_xblockstate"."state" FROM "workbench_xblockstate" WHERE ("workbench_xblockstate"."scenario" = 'multiple-sortablexblock' AND "workbench_xblockstate"."scope" = 'usage' AND "workbench_xblockstate"."scope_id" = 'multiple-sortablexblock.vertical_demo.d0.u0' AND "workbench_xblockstate"."tag" = 'vertical_demo' AND "workbench_xblockstate"."user_id" IS NULL) LIMIT 21; args=('multiple-sortablexblock', 'usage', 'multiple-sortablexblock.vertical_demo.d0.u0', 'vertical_demo'); alias=default
"GET /scenario/sortable.1/ HTTP/1.1" 200 57192
"GET /static/workbench/js/runtime/logger.js HTTP/1.1" 304 0
"GET /jsi18n/ HTTP/1.1" 200 3343
"GET /static/workbench/js/vendor/jquery.min.js HTTP/1.1" 304 0
"GET /static/workbench/js/runtime/1.js HTTP/1.1" 304 0
"GET /static/workbench/js/vendor/jquery-migrate.min.js HTTP/1.1" 304 0
"GET /static/workbench/js/vendor/jquery.cookie.js HTTP/1.1" 304 0
File /workspaces/xblock_development/xblock-env/lib/python3.12/site-packages/django/conf/locale/en/__init__.py first seen with mtime 1756096050.038551
File /workspaces/xblock_development/xblock-env/lib/python3.12/site-packages/django/conf/locale/en/formats.py first seen with mtime 1756096050.038551
