(0.003) UPDATE "workbench_xblockstate" SET "scope" = 'definition', "scope_id" = 'box-incline.vectordraw.d0', "user_id" = NULL, "scenario" = 'box-incline', "tag" = 'vectordraw', "created" = '2025-08-26 00:06:14.892725', "state" = '{
  "background_url": "https://github.com/open-craft/jsinput-vectordraw/raw/master/Notes_and_Examples/2_boxIncline_multiVector/box_on_incline.png",
  "background_width": 20,
  "bounding_box_size": 8,
  "description": "<p>A box remains stationary on an inclined plane at an angle of 20 degrees with respect to the x-axis. Draw all appropriate vectors that define the force diagram for this system.</p><p><em>Be sure that the \"tail\" of each vector starts at the center of mass of the box.</em></p>",
  "expected_result": "{\"N\":{\"angle\":110,\"angle_tolerance\":2,\"tail\":[-0.6,0.4],\"tail_tolerance\":0.5},\"g\":{\"angle\":270,\"angle_tolerance\":2,\"tail\":[-0.6,0.4],\"tail_tolerance\":0.5},\"f\":{\"angle\":20,\"angle_tolerance\":2,\"tail\":[-0.6,0.4],\"tail_tolerance\":0.5}}",
  "height": 450,
  "points": "[{\"name\":\"cm\",\"coords\":[-0.6,0.4],\"fixed\":false,\"description\":\"A simple point\"}]",
  "vectors": "[{\"name\":\"N\",\"description\":\"Normal force - N\",\"tail\":[2,2],\"length\":4,\"angle\":45,\"render\":true},{\"name\":\"f\",\"description\":\"Friction - f\",\"coords\":[[-2,-5],[-1,-3]],\"render\":false},{\"name\":\"g\",\"description\":\"Gravity - g\",\"tail\":[0,1.5],\"length\":5,\"angle\":-75,\"render\":false}]",
  "width": 550
}' WHERE "workbench_xblockstate"."id" = 5700; args=('definition', 'box-incline.vectordraw.d0', 'box-incline', 'vectordraw', '2025-08-26 00:06:14.892725', '{\n  "background_url": "https://github.com/open-craft/jsinput-vectordraw/raw/master/Notes_and_Examples/2_boxIncline_multiVector/box_on_incline.png",\n  "background_width": 20,\n  "bounding_box_size": 8,\n  "description": "<p>A box remains stationary on an inclined plane at an angle of 20 degrees with respect to the x-axis. Draw all appropriate vectors that define the force diagram for this system.</p><p><em>Be sure that the \\"tail\\" of each vector starts at the center of mass of the box.</em></p>",\n  "expected_result": "{\\"N\\":{\\"angle\\":110,\\"angle_tolerance\\":2,\\"tail\\":[-0.6,0.4],\\"tail_tolerance\\":0.5},\\"g\\":{\\"angle\\":270,\\"angle_tolerance\\":2,\\"tail\\":[-0.6,0.4],\\"tail_tolerance\\":0.5},\\"f\\":{\\"angle\\":20,\\"angle_tolerance\\":2,\\"tail\\":[-0.6,0.4],\\"tail_tolerance\\":0.5}}",\n  "height": 450,\n  "points": "[{\\"name\\":\\"cm\\",\\"coords\\":[-0.6,0.4],\\"fixed\\":false,\\"description\\":\\"A simple point\\"}]",\n  "vectors": "[{\\"name\\":\\"N\\",\\"description\\":\\"Normal force - N\\",\\"tail\\":[2,2],\\"length\\":4,\\"angle\\":45,\\"render\\":true},{\\"name\\":\\"f\\",\\"description\\":\\"Friction - f\\",\\"coords\\":[[-2,-5],[-1,-3]],\\"render\\":false},{\\"name\\":\\"g\\",\\"description\\":\\"Gravity - g\\",\\"tail\\":[0,1.5],\\"length\\":5,\\"angle\\":-75,\\"render\\":false}]",\n  "width": 550\n}', 5700); alias=default
(0.000) SELECT "workbench_xblockstate"."id", "workbench_xblockstate"."scope", "workbench_xblockstate"."scope_id", "workbench_xblockstate"."user_id", "workbench_xblockstate"."scenario", "workbench_xblockstate"."tag", "workbench_xblockstate"."created", "workbench_xblockstate"."state" FROM "workbench_xblockstate" WHERE ("workbench_xblockstate"."scenario" = 'box-incline' AND "workbench_xblockstate"."scope" = 'parent' AND "workbench_xblockstate"."scope_id" = 'box-incline.vectordraw.d0.u0' AND "workbench_xblockstate"."tag" = 'vectordraw' AND "workbench_xblockstate"."user_id" IS NULL) LIMIT 21; args=('box-incline', 'parent', 'box-incline.vectordraw.d0.u0', 'vectordraw'); alias=default
(0.000) BEGIN; args=None; alias=default
(0.000) INSERT INTO "workbench_xblockstate" ("scope", "scope_id", "user_id", "scenario", "tag", "created", "state") VALUES ('parent', 'box-incline.vectordraw.d0.u0', NULL, 'box-incline', 'vectordraw', '2025-08-26 00:06:14.935078', '{}') RETURNING "workbench_xblockstate"."id"; args=('parent', 'box-incline.vectordraw.d0.u0', None, 'box-incline', 'vectordraw', '2025-08-26 00:06:14.935078', '{}'); alias=default
(0.003) COMMIT; args=None; alias=default
(0.003) UPDATE "workbench_xblockstate" SET "scope" = 'parent', "scope_id" = 'box-incline.vectordraw.d0.u0', "user_id" = NULL, "scenario" = 'box-incline', "tag" = 'vectordraw', "created" = '2025-08-26 00:06:14.935078', "state" = '{
  "parent": "box-incline.vertical_demo.d0.u0"
}' WHERE "workbench_xblockstate"."id" = 5701; args=('parent', 'box-incline.vectordraw.d0.u0', 'box-incline', 'vectordraw', '2025-08-26 00:06:14.935078', '{\n  "parent": "box-incline.vertical_demo.d0.u0"\n}', 5701); alias=default
(0.000) SELECT "workbench_xblockstate"."id", "workbench_xblockstate"."scope", "workbench_xblockstate"."scope_id", "workbench_xblockstate"."user_id", "workbench_xblockstate"."scenario", "workbench_xblockstate"."tag", "workbench_xblockstate"."created", "workbench_xblockstate"."state" FROM "workbench_xblockstate" WHERE ("workbench_xblockstate"."scenario" = 'box-incline' AND "workbench_xblockstate"."scope" = 'children' AND "workbench_xblockstate"."scope_id" = 'box-incline.vertical_demo.d0.u0' AND "workbench_xblockstate"."tag" = 'vertical_demo' AND "workbench_xblockstate"."user_id" IS NULL) LIMIT 21; args=('box-incline', 'children', 'box-incline.vertical_demo.d0.u0', 'vertical_demo'); alias=default
(0.000) BEGIN; args=None; alias=default
(0.000) INSERT INTO "workbench_xblockstate" ("scope", "scope_id", "user_id", "scenario", "tag", "created", "state") VALUES ('children', 'box-incline.vertical_demo.d0.u0', NULL, 'box-incline', 'vertical_demo', '2025-08-26 00:06:14.943522', '{}') RETURNING "workbench_xblockstate"."id"; args=('children', 'box-incline.vertical_demo.d0.u0', None, 'box-incline', 'vertical_demo', '2025-08-26 00:06:14.943522', '{}'); alias=default
(0.003) COMMIT; args=None; alias=default
(0.000) SELECT "workbench_xblockstate"."id", "workbench_xblockstate"."scope", "workbench_xblockstate"."scope_id", "workbench_xblockstate"."user_id", "workbench_xblockstate"."scenario", "workbench_xblockstate"."tag", "workbench_xblockstate"."created", "workbench_xblockstate"."state" FROM "workbench_xblockstate" WHERE ("workbench_xblockstate"."scenario" = 'box-incline' AND "workbench_xblockstate"."scope" = 'children' AND "workbench_xblockstate"."scope_id" = 'box-incline.vertical_demo.d0.u0' AND "workbench_xblockstate"."tag" = 'vertical_demo' AND "workbench_xblockstate"."user_id" IS NULL) LIMIT 21; args=('box-incline', 'children', 'box-incline.vertical_demo.d0.u0', 'vertical_demo'); alias=default
(0.003) UPDATE "workbench_xblockstate" SET "scope" = 'children', "scope_id" = 'box-incline.vertical_demo.d0.u0', "user_id" = NULL, "scenario" = 'box-incline', "tag" = 'vertical_demo', "created" = '2025-08-26 00:06:14.943522', "state" = '{
  "children": [
    "box-incline.vectordraw.d0.u0"
  ]
}' WHERE "workbench_xblockstate"."id" = 5702; args=('children', 'box-incline.vertical_demo.d0.u0', 'box-incline', 'vertical_demo', '2025-08-26 00:06:14.943522', '{\n  "children": [\n    "box-incline.vectordraw.d0.u0"\n  ]\n}', 5702); alias=default
(0.000) SELECT "workbench_xblockstate"."id", "workbench_xblockstate"."scope", "workbench_xblockstate"."scope_id", "workbench_xblockstate"."user_id", "workbench_xblockstate"."scenario", "workbench_xblockstate"."tag", "workbench_xblockstate"."created", "workbench_xblockstate"."state" FROM "workbench_xblockstate" WHERE ("workbench_xblockstate"."scenario" = 'box-incline' AND "workbench_xblockstate"."scope" = 'parent' AND "workbench_xblockstate"."scope_id" = 'box-incline.vertical_demo.d0.u0' AND "workbench_xblockstate"."tag" = 'vertical_demo' AND "workbench_xblockstate"."user_id" IS NULL) LIMIT 21; args=('box-incline', 'parent', 'box-incline.vertical_demo.d0.u0', 'vertical_demo'); alias=default
(0.000) BEGIN; args=None; alias=default
(0.000) INSERT INTO "workbench_xblockstate" ("scope", "scope_id", "user_id", "scenario", "tag", "created", "state") VALUES ('parent', 'box-incline.vertical_demo.d0.u0', NULL, 'box-incline', 'vertical_demo', '2025-08-26 00:06:14.951965', '{}') RETURNING "workbench_xblockstate"."id"; args=('parent', 'box-incline.vertical_demo.d0.u0', None, 'box-incline', 'vertical_demo', '2025-08-26 00:06:14.951965', '{}'); alias=default
(0.003) COMMIT; args=None; alias=default
(0.003) UPDATE "workbench_xblockstate" SET "scope" = 'parent', "scope_id" = 'box-incline.vertical_demo.d0.u0', "user_id" = NULL, "scenario" = 'box-incline', "tag" = 'vertical_demo', "created" = '2025-08-26 00:06:14.951965', "state" = '{
  "parent": null
}' WHERE "workbench_xblockstate"."id" = 5703; args=('parent', 'box-incline.vertical_demo.d0.u0', 'box-incline', 'vertical_demo', '2025-08-26 00:06:14.951965', '{\n  "parent": null\n}', 5703); alias=default
"POST /reset_state HTTP/1.1" 302 0
(0.000) SELECT "workbench_xblockstate"."id", "workbench_xblockstate"."scope", "workbench_xblockstate"."scope_id", "workbench_xblockstate"."user_id", "workbench_xblockstate"."scenario", "workbench_xblockstate"."tag", "workbench_xblockstate"."created", "workbench_xblockstate"."state" FROM "workbench_xblockstate" WHERE ("workbench_xblockstate"."scenario" = 'graphingxblock' AND "workbench_xblockstate"."scope" = 'definition' AND "workbench_xblockstate"."scope_id" = 'graphingxblock.graphing.d0' AND "workbench_xblockstate"."tag" = 'graphing' AND "workbench_xblockstate"."user_id" IS NULL) LIMIT 21; args=('graphingxblock', 'definition', 'graphingxblock.graphing.d0', 'graphing'); alias=default
(0.000) BEGIN; args=None; alias=default
(0.000) INSERT INTO "workbench_xblockstate" ("scope", "scope_id", "user_id", "scenario", "tag", "created", "state") VALUES ('definition', 'graphingxblock.graphing.d0', NULL, 'graphingxblock', 'graphing', '2025-08-26 00:06:16.112110', '{}') RETURNING "workbench_xblockstate"."id"; args=('definition', 'graphingxblock.graphing.d0', None, 'graphingxblock', 'graphing', '2025-08-26 00:06:16.112110', '{}'); alias=default
(0.003) COMMIT; args=None; alias=default
(0.000) SELECT "workbench_xblockstate"."id", "workbench_xblockstate"."scope", "workbench_xblockstate"."scope_id", "workbench_xblockstate"."user_id", "workbench_xblockstate"."scenario", "workbench_xblockstate"."tag", "workbench_xblockstate"."created", "workbench_xblockstate"."state" FROM "workbench_xblockstate" WHERE ("workbench_xblockstate"."scenario" = 'graphingxblock' AND "workbench_xblockstate"."scope" = 'usage' AND "workbench_xblockstate"."scope_id" = 'graphingxblock.graphing.d0.u0' AND "workbench_xblockstate"."tag" = 'graphing' AND "workbench_xblockstate"."user_id" = 'student_1') LIMIT 21; args=('graphingxblock', 'usage', 'graphingxblock.graphing.d0.u0', 'graphing', 'student_1'); alias=default
(0.000) BEGIN; args=None; alias=default
(0.000) INSERT INTO "workbench_xblockstate" ("scope", "scope_id", "user_id", "scenario", "tag", "created", "state") VALUES ('usage', 'graphingxblock.graphing.d0.u0', 'student_1', 'graphingxblock', 'graphing', '2025-08-26 00:06:16.117263', '{}') RETURNING "workbench_xblockstate"."id"; args=('usage', 'graphingxblock.graphing.d0.u0', 'student_1', 'graphingxblock', 'graphing', '2025-08-26 00:06:16.117263', '{}'); alias=default
(0.003) COMMIT; args=None; alias=default
(0.000) SELECT "workbench_xblockstate"."id", "workbench_xblockstate"."scope", "workbench_xblockstate"."scope_id", "workbench_xblockstate"."user_id", "workbench_xblockstate"."scenario", "workbench_xblockstate"."tag", "workbench_xblockstate"."created", "workbench_xblockstate"."state" FROM "workbench_xblockstate" WHERE ("workbench_xblockstate"."scenario" = 'graphingxblock' AND "workbench_xblockstate"."scope" = 'usage' AND "workbench_xblockstate"."scope_id" = 'graphingxblock.graphing.d0.u0' AND "workbench_xblockstate"."tag" = 'graphing' AND "workbench_xblockstate"."user_id" = 'student_1') LIMIT 21; args=('graphingxblock', 'usage', 'graphingxblock.graphing.d0.u0', 'graphing', 'student_1'); alias=default
(0.000) SELECT "workbench_xblockstate"."id", "workbench_xblockstate"."scope", "workbench_xblockstate"."scope_id", "workbench_xblockstate"."user_id", "workbench_xblockstate"."scenario", "workbench_xblockstate"."tag", "workbench_xblockstate"."created", "workbench_xblockstate"."state" FROM "workbench_xblockstate" WHERE ("workbench_xblockstate"."scenario" = 'graphingxblock' AND "workbench_xblockstate"."scope" = 'usage' AND "workbench_xblockstate"."scope_id" = 'graphingxblock.graphing.d0.u0' AND "workbench_xblockstate"."tag" = 'graphing' AND "workbench_xblockstate"."user_id" IS NULL) LIMIT 21; args=('graphingxblock', 'usage', 'graphingxblock.graphing.d0.u0', 'graphing'); alias=default
(0.000) BEGIN; args=None; alias=default
(0.000) INSERT INTO "workbench_xblockstate" ("scope", "scope_id", "user_id", "scenario", "tag", "created", "state") VALUES ('usage', 'graphingxblock.graphing.d0.u0', NULL, 'graphingxblock', 'graphing', '2025-08-26 00:06:16.122576', '{}') RETURNING "workbench_xblockstate"."id"; args=('usage', 'graphingxblock.graphing.d0.u0', None, 'graphingxblock', 'graphing', '2025-08-26 00:06:16.122576', '{}'); alias=default
(0.003) COMMIT; args=None; alias=default
(0.000) SELECT "workbench_xblockstate"."id", "workbench_xblockstate"."scope", "workbench_xblockstate"."scope_id", "workbench_xblockstate"."user_id", "workbench_xblockstate"."scenario", "workbench_xblockstate"."tag", "workbench_xblockstate"."created", "workbench_xblockstate"."state" FROM "workbench_xblockstate" WHERE ("workbench_xblockstate"."scenario" = 'graphingxblock' AND "workbench_xblockstate"."scope" = 'usage' AND "workbench_xblockstate"."scope_id" = 'graphingxblock.graphing.d0.u0' AND "workbench_xblockstate"."tag" = 'graphing' AND "workbench_xblockstate"."user_id" = 'student_1') LIMIT 21; args=('graphingxblock', 'usage', 'graphingxblock.graphing.d0.u0', 'graphing', 'student_1'); alias=default
(0.000) SELECT "workbench_xblockstate"."id", "workbench_xblockstate"."scope", "workbench_xblockstate"."scope_id", "workbench_xblockstate"."user_id", "workbench_xblockstate"."scenario", "workbench_xblockstate"."tag", "workbench_xblockstate"."created", "workbench_xblockstate"."state" FROM "workbench_xblockstate" WHERE ("workbench_xblockstate"."scenario" = 'graphingxblock' AND "workbench_xblockstate"."scope" = 'usage' AND "workbench_xblockstate"."scope_id" = 'graphingxblock.graphing.d0.u0' AND "workbench_xblockstate"."tag" = 'graphing' AND "workbench_xblockstate"."user_id" IS NULL) LIMIT 21; args=('graphingxblock', 'usage', 'graphingxblock.graphing.d0.u0', 'graphing'); alias=default
(0.000) SELECT "workbench_xblockstate"."id", "workbench_xblockstate"."scope", "workbench_xblockstate"."scope_id", "workbench_xblockstate"."user_id", "workbench_xblockstate"."scenario", "workbench_xblockstate"."tag", "workbench_xblockstate"."created", "workbench_xblockstate"."state" FROM "workbench_xblockstate" WHERE ("workbench_xblockstate"."scenario" = 'graphingxblock' AND "workbench_xblockstate"."scope" = 'usage' AND "workbench_xblockstate"."scope_id" = 'graphingxblock.graphing.d0.u0' AND "workbench_xblockstate"."tag" = 'graphing' AND "workbench_xblockstate"."user_id" IS NULL) LIMIT 21; args=('graphingxblock', 'usage', 'graphingxblock.graphing.d0.u0', 'graphing'); alias=default
(0.000) SELECT "workbench_xblockstate"."id", "workbench_xblockstate"."scope", "workbench_xblockstate"."scope_id", "workbench_xblockstate"."user_id", "workbench_xblockstate"."scenario", "workbench_xblockstate"."tag", "workbench_xblockstate"."created", "workbench_xblockstate"."state" FROM "workbench_xblockstate" WHERE ("workbench_xblockstate"."scenario" = 'graphingxblock' AND "workbench_xblockstate"."scope" = 'usage' AND "workbench_xblockstate"."scope_id" = 'graphingxblock.graphing.d0.u0' AND "workbench_xblockstate"."tag" = 'graphing' AND "workbench_xblockstate"."user_id" IS NULL) LIMIT 21; args=('graphingxblock', 'usage', 'graphingxblock.graphing.d0.u0', 'graphing'); alias=default
(0.000) SELECT "workbench_xblockstate"."id", "workbench_xblockstate"."scope", "workbench_xblockstate"."scope_id", "workbench_xblockstate"."user_id", "workbench_xblockstate"."scenario", "workbench_xblockstate"."tag", "workbench_xblockstate"."created", "workbench_xblockstate"."state" FROM "workbench_xblockstate" WHERE ("workbench_xblockstate"."scenario" = 'graphingxblock' AND "workbench_xblockstate"."scope" = 'usage' AND "workbench_xblockstate"."scope_id" = 'graphingxblock.graphing.d0.u0' AND "workbench_xblockstate"."tag" = 'graphing' AND "workbench_xblockstate"."user_id" IS NULL) LIMIT 21; args=('graphingxblock', 'usage', 'graphingxblock.graphing.d0.u0', 'graphing'); alias=default
(0.000) SELECT "workbench_xblockstate"."id", "workbench_xblockstate"."scope", "workbench_xblockstate"."scope_id", "workbench_xblockstate"."user_id", "workbench_xblockstate"."scenario", "workbench_xblockstate"."tag", "workbench_xblockstate"."created", "workbench_xblockstate"."state" FROM "workbench_xblockstate" WHERE ("workbench_xblockstate"."scenario" = 'graphingxblock' AND "workbench_xblockstate"."scope" = 'usage' AND "workbench_xblockstate"."scope_id" = 'graphingxblock.graphing.d0.u0' AND "workbench_xblockstate"."tag" = 'graphing' AND "workbench_xblockstate"."user_id" IS NULL) LIMIT 21; args=('graphingxblock', 'usage', 'graphingxblock.graphing.d0.u0', 'graphing'); alias=default
(0.000) SELECT "workbench_xblockstate"."id", "workbench_xblockstate"."scope", "workbench_xblockstate"."scope_id", "workbench_xblockstate"."user_id", "workbench_xblockstate"."scenario", "workbench_xblockstate"."tag", "workbench_xblockstate"."created", "workbench_xblockstate"."state" FROM "workbench_xblockstate" WHERE ("workbench_xblockstate"."scenario" = 'graphingxblock' AND "workbench_xblockstate"."scope" = 'usage' AND "workbench_xblockstate"."scope_id" = 'graphingxblock.graphing.d0.u0' AND "workbench_xblockstate"."tag" = 'graphing' AND "workbench_xblockstate"."user_id" = 'student_1') LIMIT 21; args=('graphingxblock', 'usage', 'graphingxblock.graphing.d0.u0', 'graphing', 'student_1'); alias=default
(0.000) SELECT "workbench_xblockstate"."id", "workbench_xblockstate"."scope", "workbench_xblockstate"."scope_id", "workbench_xblockstate"."user_id", "workbench_xblockstate"."scenario", "workbench_xblockstate"."tag", "workbench_xblockstate"."created", "workbench_xblockstate"."state" FROM "workbench_xblockstate" WHERE ("workbench_xblockstate"."scenario" = 'graphingxblock' AND "workbench_xblockstate"."scope" = 'usage' AND "workbench_xblockstate"."scope_id" = 'graphingxblock.graphing.d0.u0' AND "workbench_xblockstate"."tag" = 'graphing' AND "workbench_xblockstate"."user_id" IS NULL) LIMIT 21; args=('graphingxblock', 'usage', 'graphingxblock.graphing.d0.u0', 'graphing'); alias=default
(0.000) SELECT "workbench_xblockstate"."id", "workbench_xblockstate"."scope", "workbench_xblockstate"."scope_id", "workbench_xblockstate"."user_id", "workbench_xblockstate"."scenario", "workbench_xblockstate"."tag", "workbench_xblockstate"."created", "workbench_xblockstate"."state" FROM "workbench_xblockstate" WHERE ("workbench_xblockstate"."scenario" = 'graphingxblock' AND "workbench_xblockstate"."scope" = 'usage' AND "workbench_xblockstate"."scope_id" = 'graphingxblock.graphing.d0.u0' AND "workbench_xblockstate"."tag" = 'graphing' AND "workbench_xblockstate"."user_id" = 'student_1') LIMIT 21; args=('graphingxblock', 'usage', 'graphingxblock.graphing.d0.u0', 'graphing', 'student_1'); alias=default
Exception while resolving variable 'remaining_attempts' in template 'unknown'.
Traceback (most recent call last):
  File "/workspaces/xblock_development/xblock-env/lib/python3.12/site-packages/django/template/base.py", line 880, in _resolve_lookup
    current = current[bit]
              ~~~~~~~^^^^^
  File "/workspaces/xblock_development/xblock-env/lib/python3.12/site-packages/django/template/context.py", line 83, in __getitem__
    raise KeyError(key)
KeyError: 'remaining_attempts'

During handling of the above exception, another exception occurred:

Traceback (most recent call last):
  File "/workspaces/xblock_development/xblock-env/lib/python3.12/site-packages/django/template/base.py", line 886, in _resolve_lookup
    if isinstance(current, BaseContext) and getattr(
                                            ^^^^^^^^
AttributeError: type object 'Context' has no attribute 'remaining_attempts'

During handling of the above exception, another exception occurred:

Traceback (most recent call last):
  File "/workspaces/xblock_development/xblock-env/lib/python3.12/site-packages/django/template/base.py", line 896, in _resolve_lookup
    current = current[int(bit)]
                      ^^^^^^^^
ValueError: invalid literal for int() with base 10: 'remaining_attempts'

During handling of the above exception, another exception occurred:

Traceback (most recent call last):
  File "/workspaces/xblock_development/xblock-env/lib/python3.12/site-packages/django/template/base.py", line 903, in _resolve_lookup
    raise VariableDoesNotExist(
django.template.base.VariableDoesNotExist: Failed lookup for key [remaining_attempts] in [{'True': True, 'False': False, 'None': None}, {'display_name': 'Sorting Problem', 'question_text': 'Sort the following country names in alphabetical order', 'max_attempts': 1, 'attempts': 0, 'item_background_color': '#f2f2f2', 'item_text_color': '#000000', 'completed': False, 'graded': True, 'user_score': 0.0, 'max_score': 1.0, 'error_indicator': 0, 'success_indicator': 0, 'items': <zip object at 0x77536a5dfdc0>, '_i18n_service': <workbench.runtime.WorkbenchI18NService object at 0x77536a75aa50>}]
(0.000) SELECT "workbench_xblockstate"."id", "workbench_xblockstate"."scope", "workbench_xblockstate"."scope_id", "workbench_xblockstate"."user_id", "workbench_xblockstate"."scenario", "workbench_xblockstate"."tag", "workbench_xblockstate"."created", "workbench_xblockstate"."state" FROM "workbench_xblockstate" WHERE ("workbench_xblockstate"."scenario" = 'graphingxblock' AND "workbench_xblockstate"."scope" = 'usage' AND "workbench_xblockstate"."scope_id" = 'graphingxblock.graphing.d0.u0' AND "workbench_xblockstate"."tag" = 'graphing' AND "workbench_xblockstate"."user_id" IS NULL) LIMIT 21; args=('graphingxblock', 'usage', 'graphingxblock.graphing.d0.u0', 'graphing'); alias=default
(0.000) SELECT "workbench_xblockstate"."id", "workbench_xblockstate"."scope", "workbench_xblockstate"."scope_id", "workbench_xblockstate"."user_id", "workbench_xblockstate"."scenario", "workbench_xblockstate"."tag", "workbench_xblockstate"."created", "workbench_xblockstate"."state" FROM "workbench_xblockstate" WHERE ("workbench_xblockstate"."scenario" = 'graphingxblock' AND "workbench_xblockstate"."scope" = 'parent' AND "workbench_xblockstate"."scope_id" = 'graphingxblock.graphing.d0.u0' AND "workbench_xblockstate"."tag" = 'graphing' AND "workbench_xblockstate"."user_id" IS NULL) LIMIT 21; args=('graphingxblock', 'parent', 'graphingxblock.graphing.d0.u0', 'graphing'); alias=default
(0.000) SELECT "workbench_xblockstate"."id", "workbench_xblockstate"."scope", "workbench_xblockstate"."scope_id", "workbench_xblockstate"."user_id", "workbench_xblockstate"."scenario", "workbench_xblockstate"."tag", "workbench_xblockstate"."created", "workbench_xblockstate"."state" FROM "workbench_xblockstate" WHERE ("workbench_xblockstate"."scenario" = 'graphingxblock' AND "workbench_xblockstate"."scope" = 'parent' AND "workbench_xblockstate"."scope_id" = 'graphingxblock.graphing.d0.u0' AND "workbench_xblockstate"."tag" = 'graphing' AND "workbench_xblockstate"."user_id" IS NULL) LIMIT 21; args=('graphingxblock', 'parent', 'graphingxblock.graphing.d0.u0', 'graphing'); alias=default
(0.000) SELECT "workbench_xblockstate"."id", "workbench_xblockstate"."scope", "workbench_xblockstate"."scope_id", "workbench_xblockstate"."user_id", "workbench_xblockstate"."scenario", "workbench_xblockstate"."tag", "workbench_xblockstate"."created", "workbench_xblockstate"."state" FROM "workbench_xblockstate" WHERE ("workbench_xblockstate"."scenario" = 'graphingxblock' AND "workbench_xblockstate"."scope" = 'usage' AND "workbench_xblockstate"."scope_id" = 'graphingxblock.graphing.d0.u0' AND "workbench_xblockstate"."tag" = 'graphing' AND "workbench_xblockstate"."user_id" IS NULL) LIMIT 21; args=('graphingxblock', 'usage', 'graphingxblock.graphing.d0.u0', 'graphing'); alias=default
"GET /scenario/graphing.0/ HTTP/1.1" 200 53445
"GET /jsi18n/ HTTP/1.1" 200 3343
(0.000) SELECT "workbench_xblockstate"."id", "workbench_xblockstate"."scope", "workbench_xblockstate"."scope_id", "workbench_xblockstate"."user_id", "workbench_xblockstate"."scenario", "workbench_xblockstate"."tag", "workbench_xblockstate"."created", "workbench_xblockstate"."state" FROM "workbench_xblockstate" WHERE ("workbench_xblockstate"."scenario" = 'graphingxblock' AND "workbench_xblockstate"."scope" = 'usage' AND "workbench_xblockstate"."scope_id" = 'graphingxblock.graphing.d0.u0' AND "workbench_xblockstate"."tag" = 'graphing' AND "workbench_xblockstate"."user_id" IS NULL) LIMIT 21; args=('graphingxblock', 'usage', 'graphingxblock.graphing.d0.u0', 'graphing'); alias=default
(0.000) SELECT "workbench_xblockstate"."id", "workbench_xblockstate"."scope", "workbench_xblockstate"."scope_id", "workbench_xblockstate"."user_id", "workbench_xblockstate"."scenario", "workbench_xblockstate"."tag", "workbench_xblockstate"."created", "workbench_xblockstate"."state" FROM "workbench_xblockstate" WHERE ("workbench_xblockstate"."scenario" = 'graphingxblock' AND "workbench_xblockstate"."scope" = 'usage' AND "workbench_xblockstate"."scope_id" = 'graphingxblock.graphing.d0.u0' AND "workbench_xblockstate"."tag" = 'graphing' AND "workbench_xblockstate"."user_id" = 'student_1') LIMIT 21; args=('graphingxblock', 'usage', 'graphingxblock.graphing.d0.u0', 'graphing', 'student_1'); alias=default
(0.000) SELECT "workbench_xblockstate"."id", "workbench_xblockstate"."scope", "workbench_xblockstate"."scope_id", "workbench_xblockstate"."user_id", "workbench_xblockstate"."scenario", "workbench_xblockstate"."tag", "workbench_xblockstate"."created", "workbench_xblockstate"."state" FROM "workbench_xblockstate" WHERE ("workbench_xblockstate"."scenario" = 'graphingxblock' AND "workbench_xblockstate"."scope" = 'definition' AND "workbench_xblockstate"."scope_id" = 'graphingxblock.graphing.d0' AND "workbench_xblockstate"."tag" = 'graphing' AND "workbench_xblockstate"."user_id" IS NULL) LIMIT 21; args=('graphingxblock', 'definition', 'graphingxblock.graphing.d0', 'graphing'); alias=default
(0.000) SELECT "workbench_xblockstate"."id", "workbench_xblockstate"."scope", "workbench_xblockstate"."scope_id", "workbench_xblockstate"."user_id", "workbench_xblockstate"."scenario", "workbench_xblockstate"."tag", "workbench_xblockstate"."created", "workbench_xblockstate"."state" FROM "workbench_xblockstate" WHERE ("workbench_xblockstate"."scenario" = 'graphingxblock' AND "workbench_xblockstate"."scope" = 'usage' AND "workbench_xblockstate"."scope_id" = 'graphingxblock.graphing.d0.u0' AND "workbench_xblockstate"."tag" = 'graphing' AND "workbench_xblockstate"."user_id" IS NULL) LIMIT 21; args=('graphingxblock', 'usage', 'graphingxblock.graphing.d0.u0', 'graphing'); alias=default
(0.000) SELECT "workbench_xblockstate"."id", "workbench_xblockstate"."scope", "workbench_xblockstate"."scope_id", "workbench_xblockstate"."user_id", "workbench_xblockstate"."scenario", "workbench_xblockstate"."tag", "workbench_xblockstate"."created", "workbench_xblockstate"."state" FROM "workbench_xblockstate" WHERE ("workbench_xblockstate"."scenario" = 'graphingxblock' AND "workbench_xblockstate"."scope" = 'usage' AND "workbench_xblockstate"."scope_id" = 'graphingxblock.graphing.d0.u0' AND "workbench_xblockstate"."tag" = 'graphing' AND "workbench_xblockstate"."user_id" = 'student_1') LIMIT 21; args=('graphingxblock', 'usage', 'graphingxblock.graphing.d0.u0', 'graphing', 'student_1'); alias=default
(0.003) UPDATE "workbench_xblockstate" SET "scope" = 'usage', "scope_id" = 'graphingxblock.graphing.d0.u0', "user_id" = 'student_1', "scenario" = 'graphingxblock', "tag" = 'graphing', "created" = '2025-08-26 00:06:16.117263', "state" = '{
  "attempts": 1
}' WHERE "workbench_xblockstate"."id" = 5705; args=('usage', 'graphingxblock.graphing.d0.u0', 'student_1', 'graphingxblock', 'graphing', '2025-08-26 00:06:16.117263', '{\n  "attempts": 1\n}', 5705); alias=default
(0.000) SELECT "workbench_xblockstate"."id", "workbench_xblockstate"."scope", "workbench_xblockstate"."scope_id", "workbench_xblockstate"."user_id", "workbench_xblockstate"."scenario", "workbench_xblockstate"."tag", "workbench_xblockstate"."created", "workbench_xblockstate"."state" FROM "workbench_xblockstate" WHERE ("workbench_xblockstate"."scenario" = 'graphingxblock' AND "workbench_xblockstate"."scope" = 'usage' AND "workbench_xblockstate"."scope_id" = 'graphingxblock.graphing.d0.u0' AND "workbench_xblockstate"."tag" = 'graphing' AND "workbench_xblockstate"."user_id" = 'student_1') LIMIT 21; args=('graphingxblock', 'usage', 'graphingxblock.graphing.d0.u0', 'graphing', 'student_1'); alias=default
(0.005) UPDATE "workbench_xblockstate" SET "scope" = 'usage', "scope_id" = 'graphingxblock.graphing.d0.u0', "user_id" = 'student_1', "scenario" = 'graphingxblock', "tag" = 'graphing', "created" = '2025-08-26 00:06:16.117263', "state" = '{
  "attempts": 1,
  "raw_earned": 0.2
}' WHERE "workbench_xblockstate"."id" = 5705; args=('usage', 'graphingxblock.graphing.d0.u0', 'student_1', 'graphingxblock', 'graphing', '2025-08-26 00:06:16.117263', '{\n  "attempts": 1,\n  "raw_earned": 0.2\n}', 5705); alias=default
(0.000) SELECT "workbench_xblockstate"."id", "workbench_xblockstate"."scope", "workbench_xblockstate"."scope_id", "workbench_xblockstate"."user_id", "workbench_xblockstate"."scenario", "workbench_xblockstate"."tag", "workbench_xblockstate"."created", "workbench_xblockstate"."state" FROM "workbench_xblockstate" WHERE ("workbench_xblockstate"."scenario" = 'graphingxblock' AND "workbench_xblockstate"."scope" = 'usage' AND "workbench_xblockstate"."scope_id" = 'graphingxblock.graphing.d0.u0' AND "workbench_xblockstate"."tag" = 'graphing' AND "workbench_xblockstate"."user_id" = 'student_1') LIMIT 21; args=('graphingxblock', 'usage', 'graphingxblock.graphing.d0.u0', 'graphing', 'student_1'); alias=default
(0.004) UPDATE "workbench_xblockstate" SET "scope" = 'usage', "scope_id" = 'graphingxblock.graphing.d0.u0', "user_id" = 'student_1', "scenario" = 'graphingxblock', "tag" = 'graphing', "created" = '2025-08-26 00:06:16.117263', "state" = '{
  "attempts": 1,
  "raw_earned": 0.2,
  "raw_possible": 1.0
}' WHERE "workbench_xblockstate"."id" = 5705; args=('usage', 'graphingxblock.graphing.d0.u0', 'student_1', 'graphingxblock', 'graphing', '2025-08-26 00:06:16.117263', '{\n  "attempts": 1,\n  "raw_earned": 0.2,\n  "raw_possible": 1.0\n}', 5705); alias=default
(0.000) SELECT "workbench_xblockstate"."id", "workbench_xblockstate"."scope", "workbench_xblockstate"."scope_id", "workbench_xblockstate"."user_id", "workbench_xblockstate"."scenario", "workbench_xblockstate"."tag", "workbench_xblockstate"."created", "workbench_xblockstate"."state" FROM "workbench_xblockstate" WHERE ("workbench_xblockstate"."scenario" = 'graphingxblock' AND "workbench_xblockstate"."scope" = 'usage' AND "workbench_xblockstate"."scope_id" = 'graphingxblock.graphing.d0.u0' AND "workbench_xblockstate"."tag" = 'graphing' AND "workbench_xblockstate"."user_id" = 'student_1') LIMIT 21; args=('graphingxblock', 'usage', 'graphingxblock.graphing.d0.u0', 'graphing', 'student_1'); alias=default
(0.003) UPDATE "workbench_xblockstate" SET "scope" = 'usage', "scope_id" = 'graphingxblock.graphing.d0.u0', "user_id" = 'student_1', "scenario" = 'graphingxblock', "tag" = 'graphing', "created" = '2025-08-26 00:06:16.117263', "state" = '{
  "attempts": 1,
  "completed": true,
  "raw_earned": 0.2,
  "raw_possible": 1.0
}' WHERE "workbench_xblockstate"."id" = 5705; args=('usage', 'graphingxblock.graphing.d0.u0', 'student_1', 'graphingxblock', 'graphing', '2025-08-26 00:06:16.117263', '{\n  "attempts": 1,\n  "completed": true,\n  "raw_earned": 0.2,\n  "raw_possible": 1.0\n}', 5705); alias=default
(0.000) SELECT "workbench_xblockstate"."id", "workbench_xblockstate"."scope", "workbench_xblockstate"."scope_id", "workbench_xblockstate"."user_id", "workbench_xblockstate"."scenario", "workbench_xblockstate"."tag", "workbench_xblockstate"."created", "workbench_xblockstate"."state" FROM "workbench_xblockstate" WHERE ("workbench_xblockstate"."scenario" = 'graphingxblock' AND "workbench_xblockstate"."scope" = 'usage' AND "workbench_xblockstate"."scope_id" = 'graphingxblock.graphing.d0.u0' AND "workbench_xblockstate"."tag" = 'graphing' AND "workbench_xblockstate"."user_id" = 'student_1') LIMIT 21; args=('graphingxblock', 'usage', 'graphingxblock.graphing.d0.u0', 'graphing', 'student_1'); alias=default
(0.003) UPDATE "workbench_xblockstate" SET "scope" = 'usage', "scope_id" = 'graphingxblock.graphing.d0.u0', "user_id" = 'student_1', "scenario" = 'graphingxblock', "tag" = 'graphing', "created" = '2025-08-26 00:06:16.117263', "state" = '{
  "attempts": 1,
  "completed": true,
  "raw_earned": 0.2,
  "raw_possible": 1.0,
  "user_sequence": [
    4,
    3,
    2,
    0,
    1
  ]
}' WHERE "workbench_xblockstate"."id" = 5705; args=('usage', 'graphingxblock.graphing.d0.u0', 'student_1', 'graphingxblock', 'graphing', '2025-08-26 00:06:16.117263', '{\n  "attempts": 1,\n  "completed": true,\n  "raw_earned": 0.2,\n  "raw_possible": 1.0,\n  "user_sequence": [\n    4,\n    3,\n    2,\n    0,\n    1\n  ]\n}', 5705); alias=default
"POST /handler/graphingxblock.graphing.d0.u0/submit_answer/?student=student_1& HTTP/1.1" 200 132
