(0.003) UPDATE "workbench_xblockstate" SET "scope" = 'definition', "scope_id" = 'box-incline.vectordraw.d0', "user_id" = NULL, "scenario" = 'box-incline', "tag" = 'vectordraw', "created" = '2025-09-02 20:18:52.548901', "state" = '{
  "background_url": "https://github.com/open-craft/jsinput-vectordraw/raw/master/Notes_and_Examples/2_boxIncline_multiVector/box_on_incline.png",
  "background_width": 20,
  "bounding_box_size": 8,
  "description": "<p>A box remains stationary on an inclined plane at an angle of 20 degrees with respect to the x-axis. Draw all appropriate vectors that define the force diagram for this system.</p><p><em>Be sure that the \"tail\" of each vector starts at the center of mass of the box.</em></p>",
  "height": 450,
  "vectors": "[{\"name\":\"N\",\"description\":\"Normal force - N\",\"tail\":[2,2],\"length\":4,\"angle\":45,\"render\":true},{\"name\":\"f\",\"description\":\"Friction - f\",\"coords\":[[-2,-5],[-1,-3]],\"render\":false},{\"name\":\"g\",\"description\":\"Gravity - g\",\"tail\":[0,1.5],\"length\":5,\"angle\":-75,\"render\":false}]",
  "width": 550
}' WHERE "workbench_xblockstate"."id" = 8277; args=('definition', 'box-incline.vectordraw.d0', 'box-incline', 'vectordraw', '2025-09-02 20:18:52.548901', '{\n  "background_url": "https://github.com/open-craft/jsinput-vectordraw/raw/master/Notes_and_Examples/2_boxIncline_multiVector/box_on_incline.png",\n  "background_width": 20,\n  "bounding_box_size": 8,\n  "description": "<p>A box remains stationary on an inclined plane at an angle of 20 degrees with respect to the x-axis. Draw all appropriate vectors that define the force diagram for this system.</p><p><em>Be sure that the \\"tail\\" of each vector starts at the center of mass of the box.</em></p>",\n  "height": 450,\n  "vectors": "[{\\"name\\":\\"N\\",\\"description\\":\\"Normal force - N\\",\\"tail\\":[2,2],\\"length\\":4,\\"angle\\":45,\\"render\\":true},{\\"name\\":\\"f\\",\\"description\\":\\"Friction - f\\",\\"coords\\":[[-2,-5],[-1,-3]],\\"render\\":false},{\\"name\\":\\"g\\",\\"description\\":\\"Gravity - g\\",\\"tail\\":[0,1.5],\\"length\\":5,\\"angle\\":-75,\\"render\\":false}]",\n  "width": 550\n}', 8277); alias=default
(0.000) SELECT "workbench_xblockstate"."id", "workbench_xblockstate"."scope", "workbench_xblockstate"."scope_id", "workbench_xblockstate"."user_id", "workbench_xblockstate"."scenario", "workbench_xblockstate"."tag", "workbench_xblockstate"."created", "workbench_xblockstate"."state" FROM "workbench_xblockstate" WHERE ("workbench_xblockstate"."scenario" = 'box-incline' AND "workbench_xblockstate"."scope" = 'definition' AND "workbench_xblockstate"."scope_id" = 'box-incline.vectordraw.d0' AND "workbench_xblockstate"."tag" = 'vectordraw' AND "workbench_xblockstate"."user_id" IS NULL) LIMIT 21; args=('box-incline', 'definition', 'box-incline.vectordraw.d0', 'vectordraw'); alias=default
(0.003) UPDATE "workbench_xblockstate" SET "scope" = 'definition', "scope_id" = 'box-incline.vectordraw.d0', "user_id" = NULL, "scenario" = 'box-incline', "tag" = 'vectordraw', "created" = '2025-09-02 20:18:52.548901', "state" = '{
  "background_url": "https://github.com/open-craft/jsinput-vectordraw/raw/master/Notes_and_Examples/2_boxIncline_multiVector/box_on_incline.png",
  "background_width": 20,
  "bounding_box_size": 8,
  "description": "<p>A box remains stationary on an inclined plane at an angle of 20 degrees with respect to the x-axis. Draw all appropriate vectors that define the force diagram for this system.</p><p><em>Be sure that the \"tail\" of each vector starts at the center of mass of the box.</em></p>",
  "height": 450,
  "points": "[{\"name\":\"cm\",\"coords\":[-0.6,0.4],\"fixed\":false,\"description\":\"A simple point\"}]",
  "vectors": "[{\"name\":\"N\",\"description\":\"Normal force - N\",\"tail\":[2,2],\"length\":4,\"angle\":45,\"render\":true},{\"name\":\"f\",\"description\":\"Friction - f\",\"coords\":[[-2,-5],[-1,-3]],\"render\":false},{\"name\":\"g\",\"description\":\"Gravity - g\",\"tail\":[0,1.5],\"length\":5,\"angle\":-75,\"render\":false}]",
  "width": 550
}' WHERE "workbench_xblockstate"."id" = 8277; args=('definition', 'box-incline.vectordraw.d0', 'box-incline', 'vectordraw', '2025-09-02 20:18:52.548901', '{\n  "background_url": "https://github.com/open-craft/jsinput-vectordraw/raw/master/Notes_and_Examples/2_boxIncline_multiVector/box_on_incline.png",\n  "background_width": 20,\n  "bounding_box_size": 8,\n  "description": "<p>A box remains stationary on an inclined plane at an angle of 20 degrees with respect to the x-axis. Draw all appropriate vectors that define the force diagram for this system.</p><p><em>Be sure that the \\"tail\\" of each vector starts at the center of mass of the box.</em></p>",\n  "height": 450,\n  "points": "[{\\"name\\":\\"cm\\",\\"coords\\":[-0.6,0.4],\\"fixed\\":false,\\"description\\":\\"A simple point\\"}]",\n  "vectors": "[{\\"name\\":\\"N\\",\\"description\\":\\"Normal force - N\\",\\"tail\\":[2,2],\\"length\\":4,\\"angle\\":45,\\"render\\":true},{\\"name\\":\\"f\\",\\"description\\":\\"Friction - f\\",\\"coords\\":[[-2,-5],[-1,-3]],\\"render\\":false},{\\"name\\":\\"g\\",\\"description\\":\\"Gravity - g\\",\\"tail\\":[0,1.5],\\"length\\":5,\\"angle\\":-75,\\"render\\":false}]",\n  "width": 550\n}', 8277); alias=default
(0.000) SELECT "workbench_xblockstate"."id", "workbench_xblockstate"."scope", "workbench_xblockstate"."scope_id", "workbench_xblockstate"."user_id", "workbench_xblockstate"."scenario", "workbench_xblockstate"."tag", "workbench_xblockstate"."created", "workbench_xblockstate"."state" FROM "workbench_xblockstate" WHERE ("workbench_xblockstate"."scenario" = 'box-incline' AND "workbench_xblockstate"."scope" = 'definition' AND "workbench_xblockstate"."scope_id" = 'box-incline.vectordraw.d0' AND "workbench_xblockstate"."tag" = 'vectordraw' AND "workbench_xblockstate"."user_id" IS NULL) LIMIT 21; args=('box-incline', 'definition', 'box-incline.vectordraw.d0', 'vectordraw'); alias=default
(0.003) UPDATE "workbench_xblockstate" SET "scope" = 'definition', "scope_id" = 'box-incline.vectordraw.d0', "user_id" = NULL, "scenario" = 'box-incline', "tag" = 'vectordraw', "created" = '2025-09-02 20:18:52.548901', "state" = '{
  "background_url": "https://github.com/open-craft/jsinput-vectordraw/raw/master/Notes_and_Examples/2_boxIncline_multiVector/box_on_incline.png",
  "background_width": 20,
  "bounding_box_size": 8,
  "description": "<p>A box remains stationary on an inclined plane at an angle of 20 degrees with respect to the x-axis. Draw all appropriate vectors that define the force diagram for this system.</p><p><em>Be sure that the \"tail\" of each vector starts at the center of mass of the box.</em></p>",
  "expected_result": "{\"N\":{\"angle\":110,\"angle_tolerance\":2,\"tail\":[-0.6,0.4],\"tail_tolerance\":0.5},\"g\":{\"angle\":270,\"angle_tolerance\":2,\"tail\":[-0.6,0.4],\"tail_tolerance\":0.5},\"f\":{\"angle\":20,\"angle_tolerance\":2,\"tail\":[-0.6,0.4],\"tail_tolerance\":0.5}}",
  "height": 450,
  "points": "[{\"name\":\"cm\",\"coords\":[-0.6,0.4],\"fixed\":false,\"description\":\"A simple point\"}]",
  "vectors": "[{\"name\":\"N\",\"description\":\"Normal force - N\",\"tail\":[2,2],\"length\":4,\"angle\":45,\"render\":true},{\"name\":\"f\",\"description\":\"Friction - f\",\"coords\":[[-2,-5],[-1,-3]],\"render\":false},{\"name\":\"g\",\"description\":\"Gravity - g\",\"tail\":[0,1.5],\"length\":5,\"angle\":-75,\"render\":false}]",
  "width": 550
}' WHERE "workbench_xblockstate"."id" = 8277; args=('definition', 'box-incline.vectordraw.d0', 'box-incline', 'vectordraw', '2025-09-02 20:18:52.548901', '{\n  "background_url": "https://github.com/open-craft/jsinput-vectordraw/raw/master/Notes_and_Examples/2_boxIncline_multiVector/box_on_incline.png",\n  "background_width": 20,\n  "bounding_box_size": 8,\n  "description": "<p>A box remains stationary on an inclined plane at an angle of 20 degrees with respect to the x-axis. Draw all appropriate vectors that define the force diagram for this system.</p><p><em>Be sure that the \\"tail\\" of each vector starts at the center of mass of the box.</em></p>",\n  "expected_result": "{\\"N\\":{\\"angle\\":110,\\"angle_tolerance\\":2,\\"tail\\":[-0.6,0.4],\\"tail_tolerance\\":0.5},\\"g\\":{\\"angle\\":270,\\"angle_tolerance\\":2,\\"tail\\":[-0.6,0.4],\\"tail_tolerance\\":0.5},\\"f\\":{\\"angle\\":20,\\"angle_tolerance\\":2,\\"tail\\":[-0.6,0.4],\\"tail_tolerance\\":0.5}}",\n  "height": 450,\n  "points": "[{\\"name\\":\\"cm\\",\\"coords\\":[-0.6,0.4],\\"fixed\\":false,\\"description\\":\\"A simple point\\"}]",\n  "vectors": "[{\\"name\\":\\"N\\",\\"description\\":\\"Normal force - N\\",\\"tail\\":[2,2],\\"length\\":4,\\"angle\\":45,\\"render\\":true},{\\"name\\":\\"f\\",\\"description\\":\\"Friction - f\\",\\"coords\\":[[-2,-5],[-1,-3]],\\"render\\":false},{\\"name\\":\\"g\\",\\"description\\":\\"Gravity - g\\",\\"tail\\":[0,1.5],\\"length\\":5,\\"angle\\":-75,\\"render\\":false}]",\n  "width": 550\n}', 8277); alias=default
(0.000) SELECT "workbench_xblockstate"."id", "workbench_xblockstate"."scope", "workbench_xblockstate"."scope_id", "workbench_xblockstate"."user_id", "workbench_xblockstate"."scenario", "workbench_xblockstate"."tag", "workbench_xblockstate"."created", "workbench_xblockstate"."state" FROM "workbench_xblockstate" WHERE ("workbench_xblockstate"."scenario" = 'box-incline' AND "workbench_xblockstate"."scope" = 'parent' AND "workbench_xblockstate"."scope_id" = 'box-incline.vectordraw.d0.u0' AND "workbench_xblockstate"."tag" = 'vectordraw' AND "workbench_xblockstate"."user_id" IS NULL) LIMIT 21; args=('box-incline', 'parent', 'box-incline.vectordraw.d0.u0', 'vectordraw'); alias=default
(0.000) BEGIN; args=None; alias=default
(0.000) INSERT INTO "workbench_xblockstate" ("scope", "scope_id", "user_id", "scenario", "tag", "created", "state") VALUES ('parent', 'box-incline.vectordraw.d0.u0', NULL, 'box-incline', 'vectordraw', '2025-09-02 20:18:52.592125', '{}') RETURNING "workbench_xblockstate"."id"; args=('parent', 'box-incline.vectordraw.d0.u0', None, 'box-incline', 'vectordraw', '2025-09-02 20:18:52.592125', '{}'); alias=default
(0.004) COMMIT; args=None; alias=default
(0.003) UPDATE "workbench_xblockstate" SET "scope" = 'parent', "scope_id" = 'box-incline.vectordraw.d0.u0', "user_id" = NULL, "scenario" = 'box-incline', "tag" = 'vectordraw', "created" = '2025-09-02 20:18:52.592125', "state" = '{
  "parent": "box-incline.vertical_demo.d0.u0"
}' WHERE "workbench_xblockstate"."id" = 8278; args=('parent', 'box-incline.vectordraw.d0.u0', 'box-incline', 'vectordraw', '2025-09-02 20:18:52.592125', '{\n  "parent": "box-incline.vertical_demo.d0.u0"\n}', 8278); alias=default
(0.000) SELECT "workbench_xblockstate"."id", "workbench_xblockstate"."scope", "workbench_xblockstate"."scope_id", "workbench_xblockstate"."user_id", "workbench_xblockstate"."scenario", "workbench_xblockstate"."tag", "workbench_xblockstate"."created", "workbench_xblockstate"."state" FROM "workbench_xblockstate" WHERE ("workbench_xblockstate"."scenario" = 'box-incline' AND "workbench_xblockstate"."scope" = 'children' AND "workbench_xblockstate"."scope_id" = 'box-incline.vertical_demo.d0.u0' AND "workbench_xblockstate"."tag" = 'vertical_demo' AND "workbench_xblockstate"."user_id" IS NULL) LIMIT 21; args=('box-incline', 'children', 'box-incline.vertical_demo.d0.u0', 'vertical_demo'); alias=default
(0.000) BEGIN; args=None; alias=default
(0.000) INSERT INTO "workbench_xblockstate" ("scope", "scope_id", "user_id", "scenario", "tag", "created", "state") VALUES ('children', 'box-incline.vertical_demo.d0.u0', NULL, 'box-incline', 'vertical_demo', '2025-09-02 20:18:52.601102', '{}') RETURNING "workbench_xblockstate"."id"; args=('children', 'box-incline.vertical_demo.d0.u0', None, 'box-incline', 'vertical_demo', '2025-09-02 20:18:52.601102', '{}'); alias=default
(0.003) COMMIT; args=None; alias=default
(0.000) SELECT "workbench_xblockstate"."id", "workbench_xblockstate"."scope", "workbench_xblockstate"."scope_id", "workbench_xblockstate"."user_id", "workbench_xblockstate"."scenario", "workbench_xblockstate"."tag", "workbench_xblockstate"."created", "workbench_xblockstate"."state" FROM "workbench_xblockstate" WHERE ("workbench_xblockstate"."scenario" = 'box-incline' AND "workbench_xblockstate"."scope" = 'children' AND "workbench_xblockstate"."scope_id" = 'box-incline.vertical_demo.d0.u0' AND "workbench_xblockstate"."tag" = 'vertical_demo' AND "workbench_xblockstate"."user_id" IS NULL) LIMIT 21; args=('box-incline', 'children', 'box-incline.vertical_demo.d0.u0', 'vertical_demo'); alias=default
(0.003) UPDATE "workbench_xblockstate" SET "scope" = 'children', "scope_id" = 'box-incline.vertical_demo.d0.u0', "user_id" = NULL, "scenario" = 'box-incline', "tag" = 'vertical_demo', "created" = '2025-09-02 20:18:52.601102', "state" = '{
  "children": [
    "box-incline.vectordraw.d0.u0"
  ]
}' WHERE "workbench_xblockstate"."id" = 8279; args=('children', 'box-incline.vertical_demo.d0.u0', 'box-incline', 'vertical_demo', '2025-09-02 20:18:52.601102', '{\n  "children": [\n    "box-incline.vectordraw.d0.u0"\n  ]\n}', 8279); alias=default
(0.000) SELECT "workbench_xblockstate"."id", "workbench_xblockstate"."scope", "workbench_xblockstate"."scope_id", "workbench_xblockstate"."user_id", "workbench_xblockstate"."scenario", "workbench_xblockstate"."tag", "workbench_xblockstate"."created", "workbench_xblockstate"."state" FROM "workbench_xblockstate" WHERE ("workbench_xblockstate"."scenario" = 'box-incline' AND "workbench_xblockstate"."scope" = 'parent' AND "workbench_xblockstate"."scope_id" = 'box-incline.vertical_demo.d0.u0' AND "workbench_xblockstate"."tag" = 'vertical_demo' AND "workbench_xblockstate"."user_id" IS NULL) LIMIT 21; args=('box-incline', 'parent', 'box-incline.vertical_demo.d0.u0', 'vertical_demo'); alias=default
(0.000) BEGIN; args=None; alias=default
(0.000) INSERT INTO "workbench_xblockstate" ("scope", "scope_id", "user_id", "scenario", "tag", "created", "state") VALUES ('parent', 'box-incline.vertical_demo.d0.u0', NULL, 'box-incline', 'vertical_demo', '2025-09-02 20:18:52.610209', '{}') RETURNING "workbench_xblockstate"."id"; args=('parent', 'box-incline.vertical_demo.d0.u0', None, 'box-incline', 'vertical_demo', '2025-09-02 20:18:52.610209', '{}'); alias=default
(0.003) COMMIT; args=None; alias=default
(0.004) UPDATE "workbench_xblockstate" SET "scope" = 'parent', "scope_id" = 'box-incline.vertical_demo.d0.u0', "user_id" = NULL, "scenario" = 'box-incline', "tag" = 'vertical_demo', "created" = '2025-09-02 20:18:52.610209', "state" = '{
  "parent": null
}' WHERE "workbench_xblockstate"."id" = 8280; args=('parent', 'box-incline.vertical_demo.d0.u0', 'box-incline', 'vertical_demo', '2025-09-02 20:18:52.610209', '{\n  "parent": null\n}', 8280); alias=default
"POST /reset_state HTTP/1.1" 302 0
(0.000) SELECT "workbench_xblockstate"."id", "workbench_xblockstate"."scope", "workbench_xblockstate"."scope_id", "workbench_xblockstate"."user_id", "workbench_xblockstate"."scenario", "workbench_xblockstate"."tag", "workbench_xblockstate"."created", "workbench_xblockstate"."state" FROM "workbench_xblockstate" WHERE ("workbench_xblockstate"."scenario" = 'inlinetextanddropdownxblock' AND "workbench_xblockstate"."scope" = 'usage' AND "workbench_xblockstate"."scope_id" = 'inlinetextanddropdownxblock.inline-text-and-dropdown.d0.u0' AND "workbench_xblockstate"."tag" = 'inline-text-and-dropdown' AND "workbench_xblockstate"."user_id" = 'student_1') LIMIT 21; args=('inlinetextanddropdownxblock', 'usage', 'inlinetextanddropdownxblock.inline-text-and-dropdown.d0.u0', 'inline-text-and-dropdown', 'student_1'); alias=default
(0.000) BEGIN; args=None; alias=default
(0.000) INSERT INTO "workbench_xblockstate" ("scope", "scope_id", "user_id", "scenario", "tag", "created", "state") VALUES ('usage', 'inlinetextanddropdownxblock.inline-text-and-dropdown.d0.u0', 'student_1', 'inlinetextanddropdownxblock', 'inline-text-and-dropdown', '2025-09-02 20:18:52.704705', '{}') RETURNING "workbench_xblockstate"."id"; args=('usage', 'inlinetextanddropdownxblock.inline-text-and-dropdown.d0.u0', 'student_1', 'inlinetextanddropdownxblock', 'inline-text-and-dropdown', '2025-09-02 20:18:52.704705', '{}'); alias=default
(0.004) COMMIT; args=None; alias=default
(0.000) SELECT "workbench_xblockstate"."id", "workbench_xblockstate"."scope", "workbench_xblockstate"."scope_id", "workbench_xblockstate"."user_id", "workbench_xblockstate"."scenario", "workbench_xblockstate"."tag", "workbench_xblockstate"."created", "workbench_xblockstate"."state" FROM "workbench_xblockstate" WHERE ("workbench_xblockstate"."scenario" = 'inlinetextanddropdownxblock' AND "workbench_xblockstate"."scope" = 'usage' AND "workbench_xblockstate"."scope_id" = 'inlinetextanddropdownxblock.inline-text-and-dropdown.d0.u0' AND "workbench_xblockstate"."tag" = 'inline-text-and-dropdown' AND "workbench_xblockstate"."user_id" IS NULL) LIMIT 21; args=('inlinetextanddropdownxblock', 'usage', 'inlinetextanddropdownxblock.inline-text-and-dropdown.d0.u0', 'inline-text-and-dropdown'); alias=default
(0.000) BEGIN; args=None; alias=default
(0.000) INSERT INTO "workbench_xblockstate" ("scope", "scope_id", "user_id", "scenario", "tag", "created", "state") VALUES ('usage', 'inlinetextanddropdownxblock.inline-text-and-dropdown.d0.u0', NULL, 'inlinetextanddropdownxblock', 'inline-text-and-dropdown', '2025-09-02 20:18:52.710402', '{}') RETURNING "workbench_xblockstate"."id"; args=('usage', 'inlinetextanddropdownxblock.inline-text-and-dropdown.d0.u0', None, 'inlinetextanddropdownxblock', 'inline-text-and-dropdown', '2025-09-02 20:18:52.710402', '{}'); alias=default
(0.004) COMMIT; args=None; alias=default
(0.000) SELECT "workbench_xblockstate"."id", "workbench_xblockstate"."scope", "workbench_xblockstate"."scope_id", "workbench_xblockstate"."user_id", "workbench_xblockstate"."scenario", "workbench_xblockstate"."tag", "workbench_xblockstate"."created", "workbench_xblockstate"."state" FROM "workbench_xblockstate" WHERE ("workbench_xblockstate"."scenario" = 'inlinetextanddropdownxblock' AND "workbench_xblockstate"."scope" = 'definition' AND "workbench_xblockstate"."scope_id" = 'inlinetextanddropdownxblock.inline-text-and-dropdown.d0' AND "workbench_xblockstate"."tag" = 'inline-text-and-dropdown' AND "workbench_xblockstate"."user_id" IS NULL) LIMIT 21; args=('inlinetextanddropdownxblock', 'definition', 'inlinetextanddropdownxblock.inline-text-and-dropdown.d0', 'inline-text-and-dropdown'); alias=default
(0.000) BEGIN; args=None; alias=default
(0.000) INSERT INTO "workbench_xblockstate" ("scope", "scope_id", "user_id", "scenario", "tag", "created", "state") VALUES ('definition', 'inlinetextanddropdownxblock.inline-text-and-dropdown.d0', NULL, 'inlinetextanddropdownxblock', 'inline-text-and-dropdown', '2025-09-02 20:18:52.716006', '{}') RETURNING "workbench_xblockstate"."id"; args=('definition', 'inlinetextanddropdownxblock.inline-text-and-dropdown.d0', None, 'inlinetextanddropdownxblock', 'inline-text-and-dropdown', '2025-09-02 20:18:52.716006', '{}'); alias=default
(0.004) COMMIT; args=None; alias=default
(0.000) SELECT "workbench_xblockstate"."id", "workbench_xblockstate"."scope", "workbench_xblockstate"."scope_id", "workbench_xblockstate"."user_id", "workbench_xblockstate"."scenario", "workbench_xblockstate"."tag", "workbench_xblockstate"."created", "workbench_xblockstate"."state" FROM "workbench_xblockstate" WHERE ("workbench_xblockstate"."scenario" = 'inlinetextanddropdownxblock' AND "workbench_xblockstate"."scope" = 'usage' AND "workbench_xblockstate"."scope_id" = 'inlinetextanddropdownxblock.inline-text-and-dropdown.d0.u0' AND "workbench_xblockstate"."tag" = 'inline-text-and-dropdown' AND "workbench_xblockstate"."user_id" IS NULL) LIMIT 21; args=('inlinetextanddropdownxblock', 'usage', 'inlinetextanddropdownxblock.inline-text-and-dropdown.d0.u0', 'inline-text-and-dropdown'); alias=default
(0.000) SELECT "workbench_xblockstate"."id", "workbench_xblockstate"."scope", "workbench_xblockstate"."scope_id", "workbench_xblockstate"."user_id", "workbench_xblockstate"."scenario", "workbench_xblockstate"."tag", "workbench_xblockstate"."created", "workbench_xblockstate"."state" FROM "workbench_xblockstate" WHERE ("workbench_xblockstate"."scenario" = 'inlinetextanddropdownxblock' AND "workbench_xblockstate"."scope" = 'usage' AND "workbench_xblockstate"."scope_id" = 'inlinetextanddropdownxblock.inline-text-and-dropdown.d0.u0' AND "workbench_xblockstate"."tag" = 'inline-text-and-dropdown' AND "workbench_xblockstate"."user_id" = 'student_1') LIMIT 21; args=('inlinetextanddropdownxblock', 'usage', 'inlinetextanddropdownxblock.inline-text-and-dropdown.d0.u0', 'inline-text-and-dropdown', 'student_1'); alias=default
(0.000) SELECT "workbench_xblockstate"."id", "workbench_xblockstate"."scope", "workbench_xblockstate"."scope_id", "workbench_xblockstate"."user_id", "workbench_xblockstate"."scenario", "workbench_xblockstate"."tag", "workbench_xblockstate"."created", "workbench_xblockstate"."state" FROM "workbench_xblockstate" WHERE ("workbench_xblockstate"."scenario" = 'inlinetextanddropdownxblock' AND "workbench_xblockstate"."scope" = 'usage' AND "workbench_xblockstate"."scope_id" = 'inlinetextanddropdownxblock.inline-text-and-dropdown.d0.u0' AND "workbench_xblockstate"."tag" = 'inline-text-and-dropdown' AND "workbench_xblockstate"."user_id" = 'student_1') LIMIT 21; args=('inlinetextanddropdownxblock', 'usage', 'inlinetextanddropdownxblock.inline-text-and-dropdown.d0.u0', 'inline-text-and-dropdown', 'student_1'); alias=default
(0.000) SELECT "workbench_xblockstate"."id", "workbench_xblockstate"."scope", "workbench_xblockstate"."scope_id", "workbench_xblockstate"."user_id", "workbench_xblockstate"."scenario", "workbench_xblockstate"."tag", "workbench_xblockstate"."created", "workbench_xblockstate"."state" FROM "workbench_xblockstate" WHERE ("workbench_xblockstate"."scenario" = 'inlinetextanddropdownxblock' AND "workbench_xblockstate"."scope" = 'usage' AND "workbench_xblockstate"."scope_id" = 'inlinetextanddropdownxblock.inline-text-and-dropdown.d0.u0' AND "workbench_xblockstate"."tag" = 'inline-text-and-dropdown' AND "workbench_xblockstate"."user_id" IS NULL) LIMIT 21; args=('inlinetextanddropdownxblock', 'usage', 'inlinetextanddropdownxblock.inline-text-and-dropdown.d0.u0', 'inline-text-and-dropdown'); alias=default
(0.000) SELECT "workbench_xblockstate"."id", "workbench_xblockstate"."scope", "workbench_xblockstate"."scope_id", "workbench_xblockstate"."user_id", "workbench_xblockstate"."scenario", "workbench_xblockstate"."tag", "workbench_xblockstate"."created", "workbench_xblockstate"."state" FROM "workbench_xblockstate" WHERE ("workbench_xblockstate"."scenario" = 'inlinetextanddropdownxblock' AND "workbench_xblockstate"."scope" = 'usage' AND "workbench_xblockstate"."scope_id" = 'inlinetextanddropdownxblock.inline-text-and-dropdown.d0.u0' AND "workbench_xblockstate"."tag" = 'inline-text-and-dropdown' AND "workbench_xblockstate"."user_id" IS NULL) LIMIT 21; args=('inlinetextanddropdownxblock', 'usage', 'inlinetextanddropdownxblock.inline-text-and-dropdown.d0.u0', 'inline-text-and-dropdown'); alias=default
(0.000) SELECT "workbench_xblockstate"."id", "workbench_xblockstate"."scope", "workbench_xblockstate"."scope_id", "workbench_xblockstate"."user_id", "workbench_xblockstate"."scenario", "workbench_xblockstate"."tag", "workbench_xblockstate"."created", "workbench_xblockstate"."state" FROM "workbench_xblockstate" WHERE ("workbench_xblockstate"."scenario" = 'inlinetextanddropdownxblock' AND "workbench_xblockstate"."scope" = 'usage' AND "workbench_xblockstate"."scope_id" = 'inlinetextanddropdownxblock.inline-text-and-dropdown.d0.u0' AND "workbench_xblockstate"."tag" = 'inline-text-and-dropdown' AND "workbench_xblockstate"."user_id" IS NULL) LIMIT 21; args=('inlinetextanddropdownxblock', 'usage', 'inlinetextanddropdownxblock.inline-text-and-dropdown.d0.u0', 'inline-text-and-dropdown'); alias=default
Exception while resolving variable 'hint' in template 'unknown'.
Traceback (most recent call last):
  File "/workspaces/xblock_development/xblock-env/lib/python3.12/site-packages/django/template/base.py", line 880, in _resolve_lookup
    current = current[bit]
              ~~~~~~~^^^^^
  File "/workspaces/xblock_development/xblock-env/lib/python3.12/site-packages/django/template/context.py", line 83, in __getitem__
    raise KeyError(key)
KeyError: 'hint'

During handling of the above exception, another exception occurred:

Traceback (most recent call last):
  File "/workspaces/xblock_development/xblock-env/lib/python3.12/site-packages/django/template/base.py", line 886, in _resolve_lookup
    if isinstance(current, BaseContext) and getattr(
                                            ^^^^^^^^
AttributeError: type object 'Context' has no attribute 'hint'

During handling of the above exception, another exception occurred:

Traceback (most recent call last):
  File "/workspaces/xblock_development/xblock-env/lib/python3.12/site-packages/django/template/base.py", line 896, in _resolve_lookup
    current = current[int(bit)]
                      ^^^^^^^^
ValueError: invalid literal for int() with base 10: 'hint'

During handling of the above exception, another exception occurred:

Traceback (most recent call last):
  File "/workspaces/xblock_development/xblock-env/lib/python3.12/site-packages/django/template/base.py", line 903, in _resolve_lookup
    raise VariableDoesNotExist(
django.template.base.VariableDoesNotExist: Failed lookup for key [hint] in [{'True': True, 'False': False, 'None': None}, {'display_name': 'Inline Text and Dropdown', 'problem_progress': '2 points possible', 'attributes': '', 'show_correctness': False, 'show_reset_button': False}]
(0.000) SELECT "workbench_xblockstate"."id", "workbench_xblockstate"."scope", "workbench_xblockstate"."scope_id", "workbench_xblockstate"."user_id", "workbench_xblockstate"."scenario", "workbench_xblockstate"."tag", "workbench_xblockstate"."created", "workbench_xblockstate"."state" FROM "workbench_xblockstate" WHERE ("workbench_xblockstate"."scenario" = 'inlinetextanddropdownxblock' AND "workbench_xblockstate"."scope" = 'usage' AND "workbench_xblockstate"."scope_id" = 'inlinetextanddropdownxblock.inline-text-and-dropdown.d0.u0' AND "workbench_xblockstate"."tag" = 'inline-text-and-dropdown' AND "workbench_xblockstate"."user_id" = 'student_1') LIMIT 21; args=('inlinetextanddropdownxblock', 'usage', 'inlinetextanddropdownxblock.inline-text-and-dropdown.d0.u0', 'inline-text-and-dropdown', 'student_1'); alias=default
(0.004) UPDATE "workbench_xblockstate" SET "scope" = 'usage', "scope_id" = 'inlinetextanddropdownxblock.inline-text-and-dropdown.d0.u0', "user_id" = 'student_1', "scenario" = 'inlinetextanddropdownxblock', "tag" = 'inline-text-and-dropdown', "created" = '2025-09-02 20:18:52.704705', "state" = '{
  "correctness": {
    "i1": {
      "potato": "False",
      "tomato": "True"
    },
    "i2": {
      "cucumber": "False",
      "onion": "True"
    },
    "i3": {
      "answer": [
        "the correct answer",
        "optional acceptable variant of the correct answer",
        "correct"
      ]
    }
  }
}' WHERE "workbench_xblockstate"."id" = 8281; args=('usage', 'inlinetextanddropdownxblock.inline-text-and-dropdown.d0.u0', 'student_1', 'inlinetextanddropdownxblock', 'inline-text-and-dropdown', '2025-09-02 20:18:52.704705', '{\n  "correctness": {\n    "i1": {\n      "potato": "False",\n      "tomato": "True"\n    },\n    "i2": {\n      "cucumber": "False",\n      "onion": "True"\n    },\n    "i3": {\n      "answer": [\n        "the correct answer",\n        "optional acceptable variant of the correct answer",\n        "correct"\n      ]\n    }\n  }\n}', 8281); alias=default
(0.000) SELECT "workbench_xblockstate"."id", "workbench_xblockstate"."scope", "workbench_xblockstate"."scope_id", "workbench_xblockstate"."user_id", "workbench_xblockstate"."scenario", "workbench_xblockstate"."tag", "workbench_xblockstate"."created", "workbench_xblockstate"."state" FROM "workbench_xblockstate" WHERE ("workbench_xblockstate"."scenario" = 'inlinetextanddropdownxblock' AND "workbench_xblockstate"."scope" = 'usage' AND "workbench_xblockstate"."scope_id" = 'inlinetextanddropdownxblock.inline-text-and-dropdown.d0.u0' AND "workbench_xblockstate"."tag" = 'inline-text-and-dropdown' AND "workbench_xblockstate"."user_id" = 'student_1') LIMIT 21; args=('inlinetextanddropdownxblock', 'usage', 'inlinetextanddropdownxblock.inline-text-and-dropdown.d0.u0', 'inline-text-and-dropdown', 'student_1'); alias=default
(0.003) UPDATE "workbench_xblockstate" SET "scope" = 'usage', "scope_id" = 'inlinetextanddropdownxblock.inline-text-and-dropdown.d0.u0', "user_id" = 'student_1', "scenario" = 'inlinetextanddropdownxblock', "tag" = 'inline-text-and-dropdown', "created" = '2025-09-02 20:18:52.704705', "state" = '{
  "correctness": {
    "i1": {
      "potato": "False",
      "tomato": "True"
    },
    "i2": {
      "cucumber": "False",
      "onion": "True"
    },
    "i3": {
      "answer": [
        "the correct answer",
        "optional acceptable variant of the correct answer",
        "correct"
      ]
    }
  },
  "feedback": {
    "i1": {},
    "i2": {},
    "i3": {}
  }
}' WHERE "workbench_xblockstate"."id" = 8281; args=('usage', 'inlinetextanddropdownxblock.inline-text-and-dropdown.d0.u0', 'student_1', 'inlinetextanddropdownxblock', 'inline-text-and-dropdown', '2025-09-02 20:18:52.704705', '{\n  "correctness": {\n    "i1": {\n      "potato": "False",\n      "tomato": "True"\n    },\n    "i2": {\n      "cucumber": "False",\n      "onion": "True"\n    },\n    "i3": {\n      "answer": [\n        "the correct answer",\n        "optional acceptable variant of the correct answer",\n        "correct"\n      ]\n    }\n  },\n  "feedback": {\n    "i1": {},\n    "i2": {},\n    "i3": {}\n  }\n}', 8281); alias=default
(0.000) SELECT "workbench_xblockstate"."id", "workbench_xblockstate"."scope", "workbench_xblockstate"."scope_id", "workbench_xblockstate"."user_id", "workbench_xblockstate"."scenario", "workbench_xblockstate"."tag", "workbench_xblockstate"."created", "workbench_xblockstate"."state" FROM "workbench_xblockstate" WHERE ("workbench_xblockstate"."scenario" = 'inlinetextanddropdownxblock' AND "workbench_xblockstate"."scope" = 'usage' AND "workbench_xblockstate"."scope_id" = 'inlinetextanddropdownxblock.inline-text-and-dropdown.d0.u0' AND "workbench_xblockstate"."tag" = 'inline-text-and-dropdown' AND "workbench_xblockstate"."user_id" IS NULL) LIMIT 21; args=('inlinetextanddropdownxblock', 'usage', 'inlinetextanddropdownxblock.inline-text-and-dropdown.d0.u0', 'inline-text-and-dropdown'); alias=default
(0.000) SELECT "workbench_xblockstate"."id", "workbench_xblockstate"."scope", "workbench_xblockstate"."scope_id", "workbench_xblockstate"."user_id", "workbench_xblockstate"."scenario", "workbench_xblockstate"."tag", "workbench_xblockstate"."created", "workbench_xblockstate"."state" FROM "workbench_xblockstate" WHERE ("workbench_xblockstate"."scenario" = 'inlinetextanddropdownxblock' AND "workbench_xblockstate"."scope" = 'parent' AND "workbench_xblockstate"."scope_id" = 'inlinetextanddropdownxblock.inline-text-and-dropdown.d0.u0' AND "workbench_xblockstate"."tag" = 'inline-text-and-dropdown' AND "workbench_xblockstate"."user_id" IS NULL) LIMIT 21; args=('inlinetextanddropdownxblock', 'parent', 'inlinetextanddropdownxblock.inline-text-and-dropdown.d0.u0', 'inline-text-and-dropdown'); alias=default
(0.000) SELECT "workbench_xblockstate"."id", "workbench_xblockstate"."scope", "workbench_xblockstate"."scope_id", "workbench_xblockstate"."user_id", "workbench_xblockstate"."scenario", "workbench_xblockstate"."tag", "workbench_xblockstate"."created", "workbench_xblockstate"."state" FROM "workbench_xblockstate" WHERE ("workbench_xblockstate"."scenario" = 'inlinetextanddropdownxblock' AND "workbench_xblockstate"."scope" = 'parent' AND "workbench_xblockstate"."scope_id" = 'inlinetextanddropdownxblock.inline-text-and-dropdown.d0.u0' AND "workbench_xblockstate"."tag" = 'inline-text-and-dropdown' AND "workbench_xblockstate"."user_id" IS NULL) LIMIT 21; args=('inlinetextanddropdownxblock', 'parent', 'inlinetextanddropdownxblock.inline-text-and-dropdown.d0.u0', 'inline-text-and-dropdown'); alias=default
(0.000) SELECT "workbench_xblockstate"."id", "workbench_xblockstate"."scope", "workbench_xblockstate"."scope_id", "workbench_xblockstate"."user_id", "workbench_xblockstate"."scenario", "workbench_xblockstate"."tag", "workbench_xblockstate"."created", "workbench_xblockstate"."state" FROM "workbench_xblockstate" WHERE ("workbench_xblockstate"."scenario" = 'inlinetextanddropdownxblock' AND "workbench_xblockstate"."scope" = 'usage' AND "workbench_xblockstate"."scope_id" = 'inlinetextanddropdownxblock.inline-text-and-dropdown.d0.u0' AND "workbench_xblockstate"."tag" = 'inline-text-and-dropdown' AND "workbench_xblockstate"."user_id" IS NULL) LIMIT 21; args=('inlinetextanddropdownxblock', 'usage', 'inlinetextanddropdownxblock.inline-text-and-dropdown.d0.u0', 'inline-text-and-dropdown'); alias=default
(0.000) SELECT "workbench_xblockstate"."id", "workbench_xblockstate"."scope", "workbench_xblockstate"."scope_id", "workbench_xblockstate"."user_id", "workbench_xblockstate"."scenario", "workbench_xblockstate"."tag", "workbench_xblockstate"."created", "workbench_xblockstate"."state" FROM "workbench_xblockstate" WHERE ("workbench_xblockstate"."scenario" = 'inlinetextanddropdownxblock' AND "workbench_xblockstate"."scope" = 'usage' AND "workbench_xblockstate"."scope_id" = 'inlinetextanddropdownxblock.inline-text-and-dropdown.d0.u0' AND "workbench_xblockstate"."tag" = 'inline-text-and-dropdown' AND "workbench_xblockstate"."user_id" = 'student_1') LIMIT 21; args=('inlinetextanddropdownxblock', 'usage', 'inlinetextanddropdownxblock.inline-text-and-dropdown.d0.u0', 'inline-text-and-dropdown', 'student_1'); alias=default
(0.000) SELECT "workbench_xblockstate"."id", "workbench_xblockstate"."scope", "workbench_xblockstate"."scope_id", "workbench_xblockstate"."user_id", "workbench_xblockstate"."scenario", "workbench_xblockstate"."tag", "workbench_xblockstate"."created", "workbench_xblockstate"."state" FROM "workbench_xblockstate" WHERE ("workbench_xblockstate"."scenario" = 'inlinetextanddropdownxblock' AND "workbench_xblockstate"."scope" = 'usage' AND "workbench_xblockstate"."scope_id" = 'inlinetextanddropdownxblock.inline-text-and-dropdown.d0.u0' AND "workbench_xblockstate"."tag" = 'inline-text-and-dropdown' AND "workbench_xblockstate"."user_id" = 'student_1') LIMIT 21; args=('inlinetextanddropdownxblock', 'usage', 'inlinetextanddropdownxblock.inline-text-and-dropdown.d0.u0', 'inline-text-and-dropdown', 'student_1'); alias=default
(0.000) SELECT "workbench_xblockstate"."id", "workbench_xblockstate"."scope", "workbench_xblockstate"."scope_id", "workbench_xblockstate"."user_id", "workbench_xblockstate"."scenario", "workbench_xblockstate"."tag", "workbench_xblockstate"."created", "workbench_xblockstate"."state" FROM "workbench_xblockstate" WHERE ("workbench_xblockstate"."scenario" = 'inlinetextanddropdownxblock' AND "workbench_xblockstate"."scope" = 'usage' AND "workbench_xblockstate"."scope_id" = 'inlinetextanddropdownxblock.inline-text-and-dropdown.d0.u0' AND "workbench_xblockstate"."tag" = 'inline-text-and-dropdown' AND "workbench_xblockstate"."user_id" = 'student_1') LIMIT 21; args=('inlinetextanddropdownxblock', 'usage', 'inlinetextanddropdownxblock.inline-text-and-dropdown.d0.u0', 'inline-text-and-dropdown', 'student_1'); alias=default
(0.000) SELECT "workbench_xblockstate"."id", "workbench_xblockstate"."scope", "workbench_xblockstate"."scope_id", "workbench_xblockstate"."user_id", "workbench_xblockstate"."scenario", "workbench_xblockstate"."tag", "workbench_xblockstate"."created", "workbench_xblockstate"."state" FROM "workbench_xblockstate" WHERE ("workbench_xblockstate"."scenario" = 'inlinetextanddropdownxblock' AND "workbench_xblockstate"."scope" = 'usage' AND "workbench_xblockstate"."scope_id" = 'inlinetextanddropdownxblock.inline-text-and-dropdown.d0.u0' AND "workbench_xblockstate"."tag" = 'inline-text-and-dropdown' AND "workbench_xblockstate"."user_id" = 'student_1') LIMIT 21; args=('inlinetextanddropdownxblock', 'usage', 'inlinetextanddropdownxblock.inline-text-and-dropdown.d0.u0', 'inline-text-and-dropdown', 'student_1'); alias=default
(0.000) SELECT "workbench_xblockstate"."id", "workbench_xblockstate"."scope", "workbench_xblockstate"."scope_id", "workbench_xblockstate"."user_id", "workbench_xblockstate"."scenario", "workbench_xblockstate"."tag", "workbench_xblockstate"."created", "workbench_xblockstate"."state" FROM "workbench_xblockstate" WHERE ("workbench_xblockstate"."scenario" = 'inlinetextanddropdownxblock' AND "workbench_xblockstate"."scope" = 'usage' AND "workbench_xblockstate"."scope_id" = 'inlinetextanddropdownxblock.inline-text-and-dropdown.d0.u0' AND "workbench_xblockstate"."tag" = 'inline-text-and-dropdown' AND "workbench_xblockstate"."user_id" IS NULL) LIMIT 21; args=('inlinetextanddropdownxblock', 'usage', 'inlinetextanddropdownxblock.inline-text-and-dropdown.d0.u0', 'inline-text-and-dropdown'); alias=default
(0.000) SELECT "workbench_xblockstate"."id", "workbench_xblockstate"."scope", "workbench_xblockstate"."scope_id", "workbench_xblockstate"."user_id", "workbench_xblockstate"."scenario", "workbench_xblockstate"."tag", "workbench_xblockstate"."created", "workbench_xblockstate"."state" FROM "workbench_xblockstate" WHERE ("workbench_xblockstate"."scenario" = 'inlinetextanddropdownxblock' AND "workbench_xblockstate"."scope" = 'definition' AND "workbench_xblockstate"."scope_id" = 'inlinetextanddropdownxblock.inline-text-and-dropdown.d0' AND "workbench_xblockstate"."tag" = 'inline-text-and-dropdown' AND "workbench_xblockstate"."user_id" IS NULL) LIMIT 21; args=('inlinetextanddropdownxblock', 'definition', 'inlinetextanddropdownxblock.inline-text-and-dropdown.d0', 'inline-text-and-dropdown'); alias=default
(0.000) SELECT "workbench_xblockstate"."id", "workbench_xblockstate"."scope", "workbench_xblockstate"."scope_id", "workbench_xblockstate"."user_id", "workbench_xblockstate"."scenario", "workbench_xblockstate"."tag", "workbench_xblockstate"."created", "workbench_xblockstate"."state" FROM "workbench_xblockstate" WHERE ("workbench_xblockstate"."scenario" = 'inlinetextanddropdownxblock' AND "workbench_xblockstate"."scope" = 'usage' AND "workbench_xblockstate"."scope_id" = 'inlinetextanddropdownxblock.inline-text-and-dropdown.d0.u0' AND "workbench_xblockstate"."tag" = 'inline-text-and-dropdown' AND "workbench_xblockstate"."user_id" = 'student_1') LIMIT 21; args=('inlinetextanddropdownxblock', 'usage', 'inlinetextanddropdownxblock.inline-text-and-dropdown.d0.u0', 'inline-text-and-dropdown', 'student_1'); alias=default
(0.000) SELECT "workbench_xblockstate"."id", "workbench_xblockstate"."scope", "workbench_xblockstate"."scope_id", "workbench_xblockstate"."user_id", "workbench_xblockstate"."scenario", "workbench_xblockstate"."tag", "workbench_xblockstate"."created", "workbench_xblockstate"."state" FROM "workbench_xblockstate" WHERE ("workbench_xblockstate"."scenario" = 'inlinetextanddropdownxblock' AND "workbench_xblockstate"."scope" = 'usage' AND "workbench_xblockstate"."scope_id" = 'inlinetextanddropdownxblock.inline-text-and-dropdown.d0.u0' AND "workbench_xblockstate"."tag" = 'inline-text-and-dropdown' AND "workbench_xblockstate"."user_id" = 'student_1') LIMIT 21; args=('inlinetextanddropdownxblock', 'usage', 'inlinetextanddropdownxblock.inline-text-and-dropdown.d0.u0', 'inline-text-and-dropdown', 'student_1'); alias=default
"GET /scenario/inline-text-and-dropdown.0/ HTTP/1.1" 200 19787
"GET /jsi18n/ HTTP/1.1" 200 3343
(0.001) SELECT "workbench_xblockstate"."id", "workbench_xblockstate"."scope", "workbench_xblockstate"."scope_id", "workbench_xblockstate"."user_id", "workbench_xblockstate"."scenario", "workbench_xblockstate"."tag", "workbench_xblockstate"."created", "workbench_xblockstate"."state" FROM "workbench_xblockstate" WHERE ("workbench_xblockstate"."scenario" = 'inlinetextanddropdownxblock' AND "workbench_xblockstate"."scope" = 'definition' AND "workbench_xblockstate"."scope_id" = 'inlinetextanddropdownxblock.inline-text-and-dropdown.d0' AND "workbench_xblockstate"."tag" = 'inline-text-and-dropdown' AND "workbench_xblockstate"."user_id" IS NULL) LIMIT 21; args=('inlinetextanddropdownxblock', 'definition', 'inlinetextanddropdownxblock.inline-text-and-dropdown.d0', 'inline-text-and-dropdown'); alias=default
"POST /handler/inlinetextanddropdownxblock.inline-text-and-dropdown.d0.u0/send_hints/?student=student_1& HTTP/1.1" 200 34
"POST /handler/inlinetextanddropdownxblock.inline-text-and-dropdown.d0.u0/send_xblock_id/?student=student_1& HTTP/1.1" 200 120
(0.000) SELECT "workbench_xblockstate"."id", "workbench_xblockstate"."scope", "workbench_xblockstate"."scope_id", "workbench_xblockstate"."user_id", "workbench_xblockstate"."scenario", "workbench_xblockstate"."tag", "workbench_xblockstate"."created", "workbench_xblockstate"."state" FROM "workbench_xblockstate" WHERE ("workbench_xblockstate"."scenario" = 'inlinetextanddropdownxblock' AND "workbench_xblockstate"."scope" = 'usage' AND "workbench_xblockstate"."scope_id" = 'inlinetextanddropdownxblock.inline-text-and-dropdown.d0.u0' AND "workbench_xblockstate"."tag" = 'inline-text-and-dropdown' AND "workbench_xblockstate"."user_id" = 'student_1') LIMIT 21; args=('inlinetextanddropdownxblock', 'usage', 'inlinetextanddropdownxblock.inline-text-and-dropdown.d0.u0', 'inline-text-and-dropdown', 'student_1'); alias=default
(0.000) SELECT "workbench_xblockstate"."id", "workbench_xblockstate"."scope", "workbench_xblockstate"."scope_id", "workbench_xblockstate"."user_id", "workbench_xblockstate"."scenario", "workbench_xblockstate"."tag", "workbench_xblockstate"."created", "workbench_xblockstate"."state" FROM "workbench_xblockstate" WHERE ("workbench_xblockstate"."scenario" = 'inlinetextanddropdownxblock' AND "workbench_xblockstate"."scope" = 'usage' AND "workbench_xblockstate"."scope_id" = 'inlinetextanddropdownxblock.inline-text-and-dropdown.d0.u0' AND "workbench_xblockstate"."tag" = 'inline-text-and-dropdown' AND "workbench_xblockstate"."user_id" = 'student_1') LIMIT 21; args=('inlinetextanddropdownxblock', 'usage', 'inlinetextanddropdownxblock.inline-text-and-dropdown.d0.u0', 'inline-text-and-dropdown', 'student_1'); alias=default
(0.000) SELECT "workbench_xblockstate"."id", "workbench_xblockstate"."scope", "workbench_xblockstate"."scope_id", "workbench_xblockstate"."user_id", "workbench_xblockstate"."scenario", "workbench_xblockstate"."tag", "workbench_xblockstate"."created", "workbench_xblockstate"."state" FROM "workbench_xblockstate" WHERE ("workbench_xblockstate"."scenario" = 'inlinetextanddropdownxblock' AND "workbench_xblockstate"."scope" = 'usage' AND "workbench_xblockstate"."scope_id" = 'inlinetextanddropdownxblock.inline-text-and-dropdown.d0.u0' AND "workbench_xblockstate"."tag" = 'inline-text-and-dropdown' AND "workbench_xblockstate"."user_id" = 'student_1') LIMIT 21; args=('inlinetextanddropdownxblock', 'usage', 'inlinetextanddropdownxblock.inline-text-and-dropdown.d0.u0', 'inline-text-and-dropdown', 'student_1'); alias=default
(0.000) SELECT "workbench_xblockstate"."id", "workbench_xblockstate"."scope", "workbench_xblockstate"."scope_id", "workbench_xblockstate"."user_id", "workbench_xblockstate"."scenario", "workbench_xblockstate"."tag", "workbench_xblockstate"."created", "workbench_xblockstate"."state" FROM "workbench_xblockstate" WHERE ("workbench_xblockstate"."scenario" = 'inlinetextanddropdownxblock' AND "workbench_xblockstate"."scope" = 'usage' AND "workbench_xblockstate"."scope_id" = 'inlinetextanddropdownxblock.inline-text-and-dropdown.d0.u0' AND "workbench_xblockstate"."tag" = 'inline-text-and-dropdown' AND "workbench_xblockstate"."user_id" = 'student_1') LIMIT 21; args=('inlinetextanddropdownxblock', 'usage', 'inlinetextanddropdownxblock.inline-text-and-dropdown.d0.u0', 'inline-text-and-dropdown', 'student_1'); alias=default
(0.000) SELECT "workbench_xblockstate"."id", "workbench_xblockstate"."scope", "workbench_xblockstate"."scope_id", "workbench_xblockstate"."user_id", "workbench_xblockstate"."scenario", "workbench_xblockstate"."tag", "workbench_xblockstate"."created", "workbench_xblockstate"."state" FROM "workbench_xblockstate" WHERE ("workbench_xblockstate"."scenario" = 'inlinetextanddropdownxblock' AND "workbench_xblockstate"."scope" = 'usage' AND "workbench_xblockstate"."scope_id" = 'inlinetextanddropdownxblock.inline-text-and-dropdown.d0.u0' AND "workbench_xblockstate"."tag" = 'inline-text-and-dropdown' AND "workbench_xblockstate"."user_id" = 'student_1') LIMIT 21; args=('inlinetextanddropdownxblock', 'usage', 'inlinetextanddropdownxblock.inline-text-and-dropdown.d0.u0', 'inline-text-and-dropdown', 'student_1'); alias=default
"POST /handler/inlinetextanddropdownxblock.inline-text-and-dropdown.d0.u0/restore_state/?student=student_1& HTTP/1.1" 200 120
